1658159969348	geckodriver	INFO	Listening on 127.0.0.1:55035
1658159972240	mozrunner::runner	INFO	Running command: "C:\\Program Files\\Mozilla Firefox\\firefox.exe" "--marionette" "--remote-debugging-port" "55036" "--remote-allow-hosts" "localhost" "-no-remote" "-profile" "C:\\Users\\MADANK~1\\AppData\\Local\\Temp\\rust_mozprofileNjyGX6"
1658159973245	Marionette	INFO	Marionette enabled
1658159973258	Marionette	INFO	Listening on port 55045
Read port: 55045
WebDriver BiDi listening on ws://localhost:55036
1658159973642	RemoteAgent	WARN	TLS certificate errors will be ignored for this session
console.warn: SearchSettings: "get: No settings file exists, new profile?" (new NotFoundError("Could not open the file at C:\\Users\\MADANK~1\\AppData\\Local\\Temp\\rust_mozprofileNjyGX6\\search.json.mozlz4", (void 0)))
DevTools listening on ws://localhost:55036/devtools/browser/64a76787-2a43-43a6-be78-4f350ff6726e
console.warn: LoginRecipes: "getRecipes: falling back to a synchronous message for:" "https://www.zenclass.in"
console.warn: LoginRecipes: "getRecipes: falling back to a synchronous message for:" "https://www.zenclass.in"
JavaScript error: resource://gre/modules/LoginManagerParent.jsm, line 136: TypeError: gRecipeManager is null
1658160131600	Marionette	INFO	Stopped listening on port 55045
console.warn: TopSitesFeed: Failed to fetch data from Contile server: NetworkError when attempting to fetch resource.
1658160143924	geckodriver	INFO	Listening on 127.0.0.1:55220
1658160147014	mozrunner::runner	INFO	Running command: "C:\\Program Files\\Mozilla Firefox\\firefox.exe" "--marionette" "--remote-debugging-port" "55221" "--remote-allow-hosts" "localhost" "-no-remote" "-profile" "C:\\Users\\MADANK~1\\AppData\\Local\\Temp\\rust_mozprofile0H7ick"
1658160147838	Marionette	INFO	Marionette enabled
1658160147852	Marionette	INFO	Listening on port 55230
WebDriver BiDi listening on ws://localhost:55221
Read port: 55230
1658160148176	RemoteAgent	WARN	TLS certificate errors will be ignored for this session
console.warn: SearchSettings: "get: No settings file exists, new profile?" (new NotFoundError("Could not open the file at C:\\Users\\MADANK~1\\AppData\\Local\\Temp\\rust_mozprofile0H7ick\\search.json.mozlz4", (void 0)))
DevTools listening on ws://localhost:55221/devtools/browser/d06e3399-9265-4358-ad6a-95dd173a3afb
console.warn: LoginRecipes: "getRecipes: falling back to a synchronous message for:" "https://www.zenclass.in"
console.warn: LoginRecipes: "getRecipes: falling back to a synchronous message for:" "https://www.zenclass.in"
JavaScript error: resource://gre/modules/LoginManagerParent.jsm, line 136: TypeError: gRecipeManager is null
console.warn: LoginRecipes: "getRecipes: falling back to a synchronous message for:" "https://www.zenclass.in"
JavaScript error: resource://gre/modules/LoginManagerParent.jsm, line 136: TypeError: gRecipeManager is null
1658160397900	Marionette	INFO	Stopped listening on port 55230
console.warn: TopSitesFeed: Failed to fetch data from Contile server: NetworkError when attempting to fetch resource.
[Parent 11368, IPC I/O Parent] WARNING: file /builds/worker/checkouts/gecko/ipc/chromium/src/base/process_util_win.cc:167
1658160485212	geckodriver	INFO	Listening on 127.0.0.1:55349
1658160488299	mozrunner::runner	INFO	Running command: "C:\\Program Files\\Mozilla Firefox\\firefox.exe" "--marionette" "--remote-debugging-port" "55350" "--remote-allow-hosts" "localhost" "-no-remote" "-profile" "C:\\Users\\MADANK~1\\AppData\\Local\\Temp\\rust_mozprofileUN9b3d"
1658160489132	Marionette	INFO	Marionette enabled
1658160489144	Marionette	INFO	Listening on port 55359
WebDriver BiDi listening on ws://localhost:55350
Read port: 55359
1658160489477	RemoteAgent	WARN	TLS certificate errors will be ignored for this session
console.warn: SearchSettings: "get: No settings file exists, new profile?" (new NotFoundError("Could not open the file at C:\\Users\\MADANK~1\\AppData\\Local\\Temp\\rust_mozprofileUN9b3d\\search.json.mozlz4", (void 0)))
DevTools listening on ws://localhost:55350/devtools/browser/14b2aa67-b0c5-4b79-8c36-a92340a36d32
1658160498903	Marionette	INFO	Stopped listening on port 55359
console.warn: TopSitesFeed: Failed to fetch data from Contile server: NetworkError when attempting to fetch resource.
1658160524583	geckodriver	INFO	Listening on 127.0.0.1:55404
1658160527683	mozrunner::runner	INFO	Running command: "C:\\Program Files\\Mozilla Firefox\\firefox.exe" "--marionette" "--remote-debugging-port" "55405" "--remote-allow-hosts" "localhost" "-no-remote" "-profile" "C:\\Users\\MADANK~1\\AppData\\Local\\Temp\\rust_mozprofileT8NUV7"
1658160528496	Marionette	INFO	Marionette enabled
1658160528508	Marionette	INFO	Listening on port 55414
WebDriver BiDi listening on ws://localhost:55405
Read port: 55414
1658160528845	RemoteAgent	WARN	TLS certificate errors will be ignored for this session
console.warn: SearchSettings: "get: No settings file exists, new profile?" (new NotFoundError("Could not open the file at C:\\Users\\MADANK~1\\AppData\\Local\\Temp\\rust_mozprofileT8NUV7\\search.json.mozlz4", (void 0)))
DevTools listening on ws://localhost:55405/devtools/browser/5da2d63f-18c8-492a-88a6-658b0d2538bd
console.warn: LoginRecipes: "getRecipes: falling back to a synchronous message for:" "https://www.zenclass.in"
console.warn: LoginRecipes: "getRecipes: falling back to a synchronous message for:" "https://www.zenclass.in"
JavaScript error: resource://gre/modules/LoginManagerParent.jsm, line 136: TypeError: gRecipeManager is null
1658160677766	Marionette	INFO	Stopped listening on port 55414
console.warn: TopSitesFeed: Failed to fetch data from Contile server: NetworkError when attempting to fetch resource.
remote-debugging-port" "55470" "--remote-allow-hosts" "localhost" "-no-remote" "-profile" "C:\\Users\\MADANK~1\\AppData\\Local\\Temp\\rust_mozprofileJHID5D"
1658160591037	Marionette	INFO	Marionette enabled
1658160591050	Marionette	INFO	Listening on port 55479
WebDriver BiDi listening on ws://localhost:55470
Read port: 55479
1658160591398	RemoteAgent	WARN	TLS certificate errors will be ignored for this session
console.warn: SearchSettings: "get: No settings file exists, new profile?" (new NotFoundError("Could not open the file at C:\\Users\\MADANK~1\\AppData\\Local\\Temp\\rust_mozprofileJHID5D\\search.json.mozlz4", (void 0)))
DevTools listening on ws://localhost:55470/devtools/browser/1f0fdd61-b3e9-44c2-bb8c-6cda0c9e0dfa
console.warn: LoginRecipes: "getRecipes: falling back to a synchronous message for:" "https://www.zenclass.in"
console.warn: LoginRecipes: "getRecipes: falling back to a synchronous message for:" "https://www.zenclass.in"
JavaScript error: resource://gre/modules/LoginManagerParent.jsm, line 136: TypeError: gRecipeManager is null
1658160682065	Marionette	INFO	Stopped listening on port 55479
console.warn: TopSitesFeed: Failed to fetch data from Contile server: NetworkError when attempting to fetch resource.
remote-debugging-port" "55535" "--remote-allow-hosts" "localhost" "-no-remote" "-profile" "C:\\Users\\MADANK~1\\AppData\\Local\\Temp\\rust_mozprofilee1iOnl"
1658160632479	Marionette	INFO	Marionette enabled
1658160632491	Marionette	INFO	Listening on port 55544
WebDriver BiDi listening on ws://localhost:55535
Read port: 55544
1658160632820	RemoteAgent	WARN	TLS certificate errors will be ignored for this session
console.warn: SearchSettings: "get: No settings file exists, new profile?" (new NotFoundError("Could not open the file at C:\\Users\\MADANK~1\\AppData\\Local\\Temp\\rust_mozprofilee1iOnl\\search.json.mozlz4", (void 0)))
DevTools listening on ws://localhost:55535/devtools/browser/26465349-defc-45c4-8670-98f47933d516
console.warn: LoginRecipes: "getRecipes: falling back to a synchronous message for:" "https://www.zenclass.in"
1658160646099	Marionette	WARN	TimedPromise timed out after 500 ms: stacktrace:
TimedPromise/<@chrome://remote/content/marionette/sync.js:234:19
TimedPromise@chrome://remote/content/marionette/sync.js:219:10
interaction.flushEventLoop@chrome://remote/content/marionette/interaction.js:431:10
webdriverClickElement@chrome://remote/content/marionette/interaction.js:179:31
1658160646879	Marionette	WARN	TimedPromise timed out after 500 ms: stacktrace:
TimedPromise/<@chrome://remote/content/marionette/sync.js:234:19
TimedPromise@chrome://remote/content/marionette/sync.js:219:10
interaction.flushEventLoop@chrome://remote/content/marionette/interaction.js:431:10
webdriverClickElement@chrome://remote/content/marionette/interaction.js:179:31
1658160647619	Marionette	WARN	TimedPromise timed out after 500 ms: stacktrace:
TimedPromise/<@chrome://remote/content/marionette/sync.js:234:19
TimedPromise@chrome://remote/content/marionette/sync.js:219:10
interaction.flushEventLoop@chrome://remote/content/marionette/interaction.js:431:10
webdriverClickElement@chrome://remote/content/marionette/interaction.js:179:31
1658160650763	Marionette	WARN	TimedPromise timed out after 500 ms: stacktrace:
TimedPromise/<@chrome://remote/content/marionette/sync.js:234:19
TimedPromise@chrome://remote/content/marionette/sync.js:219:10
interaction.flushEventLoop@chrome://remote/content/marionette/interaction.js:431:10
webdriverClickElement@chrome://remote/content/marionette/interaction.js:179:31
console.warn: LoginRecipes: "getRecipes: falling back to a synchronous message for:" "https://www.zenclass.in"
JavaScript error: resource://gre/modules/LoginManagerParent.jsm, line 136: TypeError: gRecipeManager is null
1658160683239	Marionette	INFO	Stopped listening on port 55544
console.warn: TopSitesFeed: Failed to fetch data from Contile server: NetworkError when attempting to fetch resource.
remote-debugging-port" "55601" "--remote-allow-hosts" "localhost" "-no-remote" "-profile" "C:\\Users\\MADANK~1\\AppData\\Local\\Temp\\rust_mozprofileLyITjL"
1658160672390	Marionette	INFO	Marionette enabled
1658160672401	Marionette	INFO	Listening on port 55610
WebDriver BiDi listening on ws://localhost:55601
Read port: 55610
1658160672872	RemoteAgent	WARN	TLS certificate errors will be ignored for this session
console.warn: SearchSettings: "get: No settings file exists, new profile?" (new NotFoundError("Could not open the file at C:\\Users\\MADANK~1\\AppData\\Local\\Temp\\rust_mozprofileLyITjL\\search.json.mozlz4", (void 0)))
DevTools listening on ws://localhost:55601/devtools/browser/04f1a855-8669-43f7-90b6-245a1f855a0b
console.warn: LoginRecipes: "getRecipes: falling back to a synchronous message for:" "https://www.zenclass.in"
console.warn: LoginRecipes: "getRecipes: falling back to a synchronous message for:" "https://www.zenclass.in"
JavaScript error: resource://gre/modules/LoginManagerParent.jsm, line 136: TypeError: gRecipeManager is null
1658161001662	Marionette	INFO	Stopped listening on port 55610
console.warn: TopSitesFeed: Failed to fetch data from Contile server: NetworkError when attempting to fetch resource.
remote-debugging-port" "55667" "--remote-allow-hosts" "localhost" "-no-remote" "-profile" "C:\\Users\\MADANK~1\\AppData\\Local\\Temp\\rust_mozprofile8K0RGw"
1658160711106	Marionette	INFO	Marionette enabled
1658160711117	Marionette	INFO	Listening on port 55676
WebDriver BiDi listening on ws://localhost:55667
Read port: 55676
1658160711446	RemoteAgent	WARN	TLS certificate errors will be ignored for this session
console.warn: SearchSettings: "get: No settings file exists, new profile?" (new NotFoundError("Could not open the file at C:\\Users\\MADANK~1\\AppData\\Local\\Temp\\rust_mozprofile8K0RGw\\search.json.mozlz4", (void 0)))
DevTools listening on ws://localhost:55667/devtools/browser/69196371-c0af-41dc-800b-303c46ffcb4b
console.warn: LoginRecipes: "getRecipes: falling back to a synchronous message for:" "https://www.zenclass.in"
console.warn: LoginRecipes: "getRecipes: falling back to a synchronous message for:" "https://www.zenclass.in"
JavaScript error: resource://gre/modules/LoginManagerParent.jsm, line 136: TypeError: gRecipeManager is null
1658160745171	Marionette	INFO	Stopped listening on port 55676
console.warn: TopSitesFeed: Failed to fetch data from Contile server: NetworkError when attempting to fetch resource.
